<?xml version="1.0" encoding="UTF-8"?>
<!-- Generated by org.testng.reporters.JUnitReportReporter -->
<testsuite hostname="DESKTOP-JHDBSOS" failures="0" tests="1" name="Testcases.MainLogin" time="22.301" errors="0" timestamp="2021-05-30T06:47:25 PDT" skipped="0">
  <testcase classname="Testcases.MainLogin" name="login" time="22.301"/>
  <system-out/>
</testsuite> <!-- Testcases.MainLogin -->
